ď»ż
> kickoffto@0.1.0 build
> next build

Î“Ă»â–“ Next.js 16.2.1 (Turbopack)
- Environments: .env.local
- Experiments (use with caution):
  â”¬â•– serverActions

  Creating an optimized production build ...
Î“ÂŁĂ´ Compiled successfully in 2.9s
  Running TypeScript ...
  Finished TypeScript in 3.1s ...
  Collecting page data using 11 workers ...
node.exe : Î“ĂśĂˇ Using edge runtime on a page currently 
disables static generation for that page
At line:1 char:1
+ & "C:\Program Files\nodejs/node.exe" "C:\Program 
Files\nodejs/node_mo ...
+ ~~~~~~~~~~~~~~~~~~~~~~~~~~~~~~~~~~~~~~~~~~~~~~~~~~~~~~~~~~~
~~~~~~~~~~
    + CategoryInfo          : NotSpecified: (Î“ĂśĂˇ Using edge  
   ...n for that page:String) [], RemoteException
    + FullyQualifiedErrorId : NativeCommandError
 
  Generating static pages using 11 workers (0/101) ...
  Generating static pages using 11 workers (25/101) 
  Generating static pages using 11 workers (50/101) 
  Generating static pages using 11 workers (75/101) 
Î“ÂŁĂ´ Generating static pages using 11 workers (101/101) in 857ms
  Finalizing page optimization ...

Route (app)                             Revalidate  Expire
Î“Ă¶Ă® Î“ĂąĂŻ /                                          30s      1y
Î“Ă¶ÂŁ Î“ĂąĂŻ /_not-found
Î“Ă¶ÂŁ Î“ĂąĂŻ /analyse
Î“Ă¶ÂŁ â•žĂ† /api/analyse/screenshot
Î“Ă¶ÂŁ â•žĂ† /api/cards/[playerId]/description
Î“Ă¶ÂŁ â•žĂ† /api/cards/[playerId]/photo
Î“Ă¶ÂŁ â•žĂ† /api/characters/[id]/chat
Î“Ă¶ÂŁ Î“ĂąĂŻ /api/characters/council
Î“Ă¶ÂŁ â•žĂ† /api/debug/keys
Î“Ă¶ÂŁ â•žĂ† /api/director/[matchId]/generate
Î“Ă¶ÂŁ â•žĂ† /api/games/chant
Î“Ă¶ÂŁ â•žĂ† /api/games/chaos-narrative
Î“Ă¶ÂŁ â•žĂ† /api/games/trivia
Î“Ă¶ÂŁ â•žĂ† /api/h2h/narrative
Î“Ă¶ÂŁ â•žĂ† /api/live/[matchId]/events
Î“Ă¶ÂŁ â•žĂ† /api/live/[matchId]/goal-explainer
Î“Ă¶ÂŁ â•žĂ† /api/live/[matchId]/radio
Î“Ă¶ÂŁ â•žĂ† /api/live/[matchId]/reactions
Î“Ă¶ÂŁ â•žĂ† /api/live/current
Î“Ă¶ÂŁ â•žĂ† /api/proxy/image
Î“Ă¶ÂŁ â•žĂ† /api/pulse/social
Î“Ă¶ÂŁ â•žĂ† /api/push/notify
Î“Ă¶ÂŁ â•žĂ† /api/radio/generate
Î“Ă¶ÂŁ â•žĂ† /api/schedule
Î“Ă¶ÂŁ â•žĂ† /api/story/generate
Î“Ă¶ÂŁ â•žĂ† /api/vapid
Î“Ă¶ÂŁ â•žĂ† /api/wrapped/generate
Î“Ă¶ÂŁ Î“ĂąĂŻ /cards
Î“Ă¶ÂŁ â•žĂ† /cards/[playerId]
Î“Ă¶ÂŁ â•žĂ† /characters
Î“Ă¶ÂŁ â•žĂ† /characters/[id]
Î“Ă¶ÂŁ â•žĂ† /characters/-/opengraph-image
Î“Ă¶ÂŁ Î“ĂąĂŻ /characters/council
Î“Ă¶ÂŁ Î“ĂąĂŻ /director
Î“Ă¶ÂŁ â•žĂ† /director/[matchId]
Î“Ă¶ÂŁ Î“ĂąĂŻ /games
Î“Ă¶ÂŁ Î“ĂąĂŻ /games/bracket
Î“Ă¶ÂŁ Î“ĂąĂŻ /games/chant
Î“Ă¶ÂŁ Î“ĂąĂŻ /games/chaos
Î“Ă¶ÂŁ Î“ĂąĂŻ /games/predict
Î“Ă¶ÂŁ Î“ĂąĂŻ /games/trivia
Î“Ă¶ÂŁ Î“ĂąĂŻ /groups                                     5m      1y
Î“Ă¶ÂŁ Î“ĂąĂŻ /h2h
Î“Ă¶ÂŁ Î“ĂąĂŻ /heatwave
Î“Ă¶ÂŁ Î“ĂąĂŻ /history
Î“Ă¶ÂŁ Î“ĂąĂ… /history/[year]
Î“Ă¶Ă© Î“Ă¶ÂŁ /history/1930
Î“Ă¶Ă© Î“Ă¶ÂŁ /history/1934
Î“Ă¶Ă© Î“Ă¶ÂŁ /history/1938
Î“Ă¶Ă© Î“Ă¶Ă¶ [+20 more paths]
Î“Ă¶ÂŁ Î“ĂąĂŻ /journal
Î“Ă¶ÂŁ Î“ĂąĂŻ /live
Î“Ă¶ÂŁ â•žĂ† /live/[matchId]
Î“Ă¶ÂŁ Î“ĂąĂŻ /more
Î“Ă¶ÂŁ Î“ĂąĂŻ /players
Î“Ă¶ÂŁ â•žĂ† /players/[id]
Î“Ă¶ÂŁ â•žĂ† /preview/[matchId]
Î“Ă¶ÂŁ Î“ĂąĂŻ /privacy
Î“Ă¶ÂŁ Î“ĂąĂŻ /pulse
Î“Ă¶ÂŁ Î“ĂąĂŻ /radio
Î“Ă¶ÂŁ Î“ĂąĂŻ /schedule
Î“Ă¶ÂŁ â•žĂ† /share/character/[characterId]
Î“Ă¶ÂŁ â•žĂ† /share/match/[matchId]
Î“Ă¶ÂŁ Î“ĂąĂŻ /story                                      1h      1y
Î“Ă¶ÂŁ â•žĂ† /story/[chapter]
Î“Ă¶ÂŁ Î“ĂąĂŻ /teams
Î“Ă¶ÂŁ Î“ĂąĂ… /teams/[code]
Î“Ă¶Ă© Î“Ă¶ÂŁ /teams/usa
Î“Ă¶Ă© Î“Ă¶ÂŁ /teams/pan
Î“Ă¶Ă© Î“Ă¶ÂŁ /teams/alb
Î“Ă¶Ă© Î“Ă¶Ă¶ [+45 more paths]
Î“Ă¶Ă¶ Î“ĂąĂŻ /wrapped


Î“ĂąĂŻ  (Static)   prerendered as static content
Î“ĂąĂ…  (SSG)      prerendered as static HTML (uses generateStaticParams)
â•žĂ†  (Dynamic)  server-rendered on demand

